<?xml version="1.0" encoding="UTF-8"?>
<!-- Generated by org.testng.reporters.JUnitReportReporter -->
<testsuite hostname="LT22108651" failures="0" tests="4" name="tests.SortingProductsTest" time="11.973" errors="0" timestamp="2024-05-23T17:10:41 IDT" skipped="0">
  <testcase classname="tests.SortingProductsTest" name="tc_03_ZtoASortingProducts" time="0.163"/>
  <system-out/>
  <testcase classname="tests.SortingProductsTest" name="tc_01_LowToHighPrice" time="5.835"/>
  <system-out/>
  <testcase classname="tests.SortingProductsTest" name="tc_03_AtoZSortingProducts" time="0.174"/>
  <system-out/>
  <testcase classname="tests.SortingProductsTest" name="tc_02_HighToLowPrice" time="5.801"/>
  <system-out/>
</testsuite> <!-- tests.SortingProductsTest -->
