<?xml version="1.0" encoding="UTF-8"?>
<!-- Generated by org.testng.reporters.JUnitReportReporter -->
<testsuite hostname="LT22108651" failures="0" tests="4" name="tests.SortingProductsTest" time="12.307" errors="0" timestamp="2024-06-03T09:30:09 IDT" skipped="0">
  <testcase classname="tests.SortingProductsTest" name="tc_01_LowToHighPrice" time="6.002"/>
  <system-out/>
  <testcase classname="tests.SortingProductsTest" name="tc_03_AtoZSortingProducts" time="0.196"/>
  <system-out/>
  <testcase classname="tests.SortingProductsTest" name="tc_03_ZtoASortingProducts" time="0.190"/>
  <system-out/>
  <testcase classname="tests.SortingProductsTest" name="tc_02_HighToLowPrice" time="5.919"/>
  <system-out/>
</testsuite> <!-- tests.SortingProductsTest -->
