<?xml version="1.0" encoding="UTF-8"?>
<!-- Generated by org.testng.reporters.JUnitReportReporter -->
<testsuite hostname="LT22108651" failures="0" tests="1" name="tests.MethodsTest" time="0.428" errors="0" timestamp="2024-05-23T17:49:51 IDT" skipped="0">
  <testcase classname="tests.MethodsTest" name="tc_01" time="0.428"/>
  <system-out/>
</testsuite> <!-- tests.MethodsTest -->
