<?xml version="1.0" encoding="UTF-8"?>
<!-- Generated by org.testng.reporters.JUnitReportReporter -->
<testsuite hostname="LT22108651" failures="0" tests="1" name="tests.LoginTestSuccess" time="0.293" errors="0" timestamp="2024-06-03T09:30:09 IDT" skipped="0">
  <testcase classname="tests.LoginTestSuccess" name="tc04_Login_Success" time="0.293"/>
  <system-out/>
</testsuite> <!-- tests.LoginTestSuccess -->
