<?xml version="1.0" encoding="UTF-8"?>
<!-- Generated by org.testng.reporters.JUnitReportReporter -->
<testsuite hostname="LT22108651" failures="0" tests="1" name="tests.MethodsTest" time="0.832" errors="0" timestamp="2024-06-06T23:23:37 IDT" skipped="0">
  <testcase classname="tests.MethodsTest" name="tc_01" time="0.832"/>
  <system-out/>
</testsuite> <!-- tests.MethodsTest -->
